-------------------------------------------------------------------------------
Test set: devCodes.Zerphyis.ApiMotorsport.Infra.Controllers.ControllerConteudoTest
-------------------------------------------------------------------------------
Tests run: 8, Failures: 4, Errors: 0, Skipped: 0, Time elapsed: 0.172 s <<< FAILURE! -- in devCodes.Zerphyis.ApiMotorsport.Infra.Controllers.ControllerConteudoTest
devCodes.Zerphyis.ApiMotorsport.Infra.Controllers.ControllerConteudoTest.updateSad -- Time elapsed: 0.123 s <<< FAILURE!
org.opentest4j.AssertionFailedError: Unexpected exception type thrown, expected: <devCodes.Zerphyis.ApiMotorsport.Infra.Exceptions.EntityNotFoundException> but was: <java.util.concurrent.CompletionException>
	at org.junit.jupiter.api.AssertionFailureBuilder.build(AssertionFailureBuilder.java:151)
	at org.junit.jupiter.api.AssertThrows.assertThrows(AssertThrows.java:67)
	at org.junit.jupiter.api.AssertThrows.assertThrows(AssertThrows.java:35)
	at org.junit.jupiter.api.Assertions.assertThrows(Assertions.java:3115)
	at devCodes.Zerphyis.ApiMotorsport.Infra.Controllers.ControllerConteudoTest.updateSad(ControllerConteudoTest.java:101)
	at java.base/java.lang.reflect.Method.invoke(Method.java:580)
	at java.base/java.util.ArrayList.forEach(ArrayList.java:1596)
	at java.base/java.util.ArrayList.forEach(ArrayList.java:1596)
Caused by: java.util.concurrent.CompletionException: devCodes.Zerphyis.ApiMotorsport.Infra.Exceptions.EntityNotFoundException: Conteúdo não encontrado
	at java.base/java.util.concurrent.CompletableFuture.encodeThrowable(CompletableFuture.java:332)
	at java.base/java.util.concurrent.CompletableFuture.uniApplyNow(CompletableFuture.java:674)
	at java.base/java.util.concurrent.CompletableFuture.uniApplyStage(CompletableFuture.java:662)
	at java.base/java.util.concurrent.CompletableFuture.thenApply(CompletableFuture.java:2200)
	at devCodes.Zerphyis.ApiMotorsport.Infra.Controllers.ControllerConteudo.update(ControllerConteudo.java:37)
	at devCodes.Zerphyis.ApiMotorsport.Infra.Controllers.ControllerConteudoTest.updateSad(ControllerConteudoTest.java:99)
	... 3 more
Caused by: devCodes.Zerphyis.ApiMotorsport.Infra.Exceptions.EntityNotFoundException: Conteúdo não encontrado
	at devCodes.Zerphyis.ApiMotorsport.Infra.Controllers.ControllerConteudoTest.updateSad(ControllerConteudoTest.java:95)
	... 3 more

devCodes.Zerphyis.ApiMotorsport.Infra.Controllers.ControllerConteudoTest.deleteSad -- Time elapsed: 0.007 s <<< FAILURE!
org.opentest4j.AssertionFailedError: Unexpected exception type thrown, expected: <devCodes.Zerphyis.ApiMotorsport.Infra.Exceptions.EntityNotFoundException> but was: <java.util.concurrent.CompletionException>
	at org.junit.jupiter.api.AssertionFailureBuilder.build(AssertionFailureBuilder.java:151)
	at org.junit.jupiter.api.AssertThrows.assertThrows(AssertThrows.java:67)
	at org.junit.jupiter.api.AssertThrows.assertThrows(AssertThrows.java:35)
	at org.junit.jupiter.api.Assertions.assertThrows(Assertions.java:3115)
	at devCodes.Zerphyis.ApiMotorsport.Infra.Controllers.ControllerConteudoTest.deleteSad(ControllerConteudoTest.java:123)
	at java.base/java.lang.reflect.Method.invoke(Method.java:580)
	at java.base/java.util.ArrayList.forEach(ArrayList.java:1596)
	at java.base/java.util.ArrayList.forEach(ArrayList.java:1596)
Caused by: java.util.concurrent.CompletionException: devCodes.Zerphyis.ApiMotorsport.Infra.Exceptions.EntityNotFoundException: Conteúdo não encontrado
	at java.base/java.util.concurrent.CompletableFuture.encodeThrowable(CompletableFuture.java:332)
	at java.base/java.util.concurrent.CompletableFuture.uniApplyNow(CompletableFuture.java:674)
	at java.base/java.util.concurrent.CompletableFuture.uniApplyStage(CompletableFuture.java:662)
	at java.base/java.util.concurrent.CompletableFuture.thenApply(CompletableFuture.java:2200)
	at devCodes.Zerphyis.ApiMotorsport.Infra.Controllers.ControllerConteudo.delete(ControllerConteudo.java:43)
	at devCodes.Zerphyis.ApiMotorsport.Infra.Controllers.ControllerConteudoTest.deleteSad(ControllerConteudoTest.java:121)
	... 3 more
Caused by: devCodes.Zerphyis.ApiMotorsport.Infra.Exceptions.EntityNotFoundException: Conteúdo não encontrado
	at devCodes.Zerphyis.ApiMotorsport.Infra.Controllers.ControllerConteudoTest.deleteSad(ControllerConteudoTest.java:117)
	... 3 more

devCodes.Zerphyis.ApiMotorsport.Infra.Controllers.ControllerConteudoTest.createSad -- Time elapsed: 0.006 s <<< FAILURE!
org.opentest4j.AssertionFailedError: Unexpected exception type thrown, expected: <devCodes.Zerphyis.ApiMotorsport.Infra.Exceptions.NotFoundException> but was: <java.util.concurrent.CompletionException>
	at org.junit.jupiter.api.AssertionFailureBuilder.build(AssertionFailureBuilder.java:151)
	at org.junit.jupiter.api.AssertThrows.assertThrows(AssertThrows.java:67)
	at org.junit.jupiter.api.AssertThrows.assertThrows(AssertThrows.java:35)
	at org.junit.jupiter.api.Assertions.assertThrows(Assertions.java:3115)
	at devCodes.Zerphyis.ApiMotorsport.Infra.Controllers.ControllerConteudoTest.createSad(ControllerConteudoTest.java:79)
	at java.base/java.lang.reflect.Method.invoke(Method.java:580)
	at java.base/java.util.ArrayList.forEach(ArrayList.java:1596)
	at java.base/java.util.ArrayList.forEach(ArrayList.java:1596)
Caused by: java.util.concurrent.CompletionException: devCodes.Zerphyis.ApiMotorsport.Infra.Exceptions.NotFoundException: Erro ao criar Conteúdo
	at java.base/java.util.concurrent.CompletableFuture.encodeThrowable(CompletableFuture.java:332)
	at java.base/java.util.concurrent.CompletableFuture.uniApplyNow(CompletableFuture.java:674)
	at java.base/java.util.concurrent.CompletableFuture.uniApplyStage(CompletableFuture.java:662)
	at java.base/java.util.concurrent.CompletableFuture.thenApply(CompletableFuture.java:2200)
	at devCodes.Zerphyis.ApiMotorsport.Infra.Controllers.ControllerConteudo.create(ControllerConteudo.java:30)
	at devCodes.Zerphyis.ApiMotorsport.Infra.Controllers.ControllerConteudoTest.createSad(ControllerConteudoTest.java:77)
	... 3 more
Caused by: devCodes.Zerphyis.ApiMotorsport.Infra.Exceptions.NotFoundException: Erro ao criar Conteúdo
	at devCodes.Zerphyis.ApiMotorsport.Infra.Controllers.ControllerConteudoTest.createSad(ControllerConteudoTest.java:73)
	... 3 more

devCodes.Zerphyis.ApiMotorsport.Infra.Controllers.ControllerConteudoTest.findByIdSad -- Time elapsed: 0.005 s <<< FAILURE!
org.opentest4j.AssertionFailedError: Unexpected exception type thrown, expected: <devCodes.Zerphyis.ApiMotorsport.Infra.Exceptions.EntityNotFoundException> but was: <java.util.concurrent.CompletionException>
	at org.junit.jupiter.api.AssertionFailureBuilder.build(AssertionFailureBuilder.java:151)
	at org.junit.jupiter.api.AssertThrows.assertThrows(AssertThrows.java:67)
	at org.junit.jupiter.api.AssertThrows.assertThrows(AssertThrows.java:35)
	at org.junit.jupiter.api.Assertions.assertThrows(Assertions.java:3115)
	at devCodes.Zerphyis.ApiMotorsport.Infra.Controllers.ControllerConteudoTest.findByIdSad(ControllerConteudoTest.java:56)
	at java.base/java.lang.reflect.Method.invoke(Method.java:580)
	at java.base/java.util.ArrayList.forEach(ArrayList.java:1596)
	at java.base/java.util.ArrayList.forEach(ArrayList.java:1596)
Caused by: java.util.concurrent.CompletionException: devCodes.Zerphyis.ApiMotorsport.Infra.Exceptions.EntityNotFoundException: Conteúdo não encontrado
	at java.base/java.util.concurrent.CompletableFuture.encodeThrowable(CompletableFuture.java:332)
	at java.base/java.util.concurrent.CompletableFuture.uniApplyNow(CompletableFuture.java:674)
	at java.base/java.util.concurrent.CompletableFuture.uniApplyStage(CompletableFuture.java:662)
	at java.base/java.util.concurrent.CompletableFuture.thenApply(CompletableFuture.java:2200)
	at devCodes.Zerphyis.ApiMotorsport.Infra.Controllers.ControllerConteudo.findById(ControllerConteudo.java:24)
	at devCodes.Zerphyis.ApiMotorsport.Infra.Controllers.ControllerConteudoTest.findByIdSad(ControllerConteudoTest.java:54)
	... 3 more
Caused by: devCodes.Zerphyis.ApiMotorsport.Infra.Exceptions.EntityNotFoundException: Conteúdo não encontrado
	at devCodes.Zerphyis.ApiMotorsport.Infra.Controllers.ControllerConteudoTest.findByIdSad(ControllerConteudoTest.java:50)
	... 3 more

