-------------------------------------------------------------------------------
Test set: devCodes.Zerphyis.ApiMotorsport.Infra.Controllers.ControllerEspecificacaoControllerTest
-------------------------------------------------------------------------------
Tests run: 8, Failures: 4, Errors: 0, Skipped: 0, Time elapsed: 0.156 s <<< FAILURE! -- in devCodes.Zerphyis.ApiMotorsport.Infra.Controllers.ControllerEspecificacaoControllerTest
devCodes.Zerphyis.ApiMotorsport.Infra.Controllers.ControllerEspecificacaoControllerTest.updateSad -- Time elapsed: 0.092 s <<< FAILURE!
org.opentest4j.AssertionFailedError: Unexpected exception type thrown, expected: <devCodes.Zerphyis.ApiMotorsport.Infra.Exceptions.EntityNotFoundException> but was: <java.util.concurrent.CompletionException>
	at org.junit.jupiter.api.AssertionFailureBuilder.build(AssertionFailureBuilder.java:151)
	at org.junit.jupiter.api.AssertThrows.assertThrows(AssertThrows.java:67)
	at org.junit.jupiter.api.AssertThrows.assertThrows(AssertThrows.java:35)
	at org.junit.jupiter.api.Assertions.assertThrows(Assertions.java:3115)
	at devCodes.Zerphyis.ApiMotorsport.Infra.Controllers.ControllerEspecificacaoControllerTest.updateSad(ControllerEspecificacaoControllerTest.java:85)
	at java.base/java.lang.reflect.Method.invoke(Method.java:580)
	at java.base/java.util.ArrayList.forEach(ArrayList.java:1596)
	at java.base/java.util.ArrayList.forEach(ArrayList.java:1596)
Caused by: java.util.concurrent.CompletionException: devCodes.Zerphyis.ApiMotorsport.Infra.Exceptions.EntityNotFoundException: Não encontrada especificação
	at java.base/java.util.concurrent.CompletableFuture.encodeThrowable(CompletableFuture.java:332)
	at java.base/java.util.concurrent.CompletableFuture.uniApplyNow(CompletableFuture.java:674)
	at java.base/java.util.concurrent.CompletableFuture.uniApplyStage(CompletableFuture.java:662)
	at java.base/java.util.concurrent.CompletableFuture.thenApply(CompletableFuture.java:2200)
	at devCodes.Zerphyis.ApiMotorsport.Infra.Controllers.ControllerEspecificacaoController.update(ControllerEspecificacaoController.java:34)
	at devCodes.Zerphyis.ApiMotorsport.Infra.Controllers.ControllerEspecificacaoControllerTest.updateSad(ControllerEspecificacaoControllerTest.java:83)
	... 3 more
Caused by: devCodes.Zerphyis.ApiMotorsport.Infra.Exceptions.EntityNotFoundException: Não encontrada especificação
	at devCodes.Zerphyis.ApiMotorsport.Infra.Controllers.ControllerEspecificacaoControllerTest.updateSad(ControllerEspecificacaoControllerTest.java:79)
	... 3 more

devCodes.Zerphyis.ApiMotorsport.Infra.Controllers.ControllerEspecificacaoControllerTest.deleteSad -- Time elapsed: 0.006 s <<< FAILURE!
org.opentest4j.AssertionFailedError: Unexpected exception type thrown, expected: <devCodes.Zerphyis.ApiMotorsport.Infra.Exceptions.EntityNotFoundException> but was: <java.util.concurrent.CompletionException>
	at org.junit.jupiter.api.AssertionFailureBuilder.build(AssertionFailureBuilder.java:151)
	at org.junit.jupiter.api.AssertThrows.assertThrows(AssertThrows.java:67)
	at org.junit.jupiter.api.AssertThrows.assertThrows(AssertThrows.java:35)
	at org.junit.jupiter.api.Assertions.assertThrows(Assertions.java:3115)
	at devCodes.Zerphyis.ApiMotorsport.Infra.Controllers.ControllerEspecificacaoControllerTest.deleteSad(ControllerEspecificacaoControllerTest.java:105)
	at java.base/java.lang.reflect.Method.invoke(Method.java:580)
	at java.base/java.util.ArrayList.forEach(ArrayList.java:1596)
	at java.base/java.util.ArrayList.forEach(ArrayList.java:1596)
Caused by: java.util.concurrent.CompletionException: devCodes.Zerphyis.ApiMotorsport.Infra.Exceptions.EntityNotFoundException: Não encontrada
	at java.base/java.util.concurrent.CompletableFuture.encodeThrowable(CompletableFuture.java:332)
	at java.base/java.util.concurrent.CompletableFuture.uniApplyNow(CompletableFuture.java:674)
	at java.base/java.util.concurrent.CompletableFuture.uniApplyStage(CompletableFuture.java:662)
	at java.base/java.util.concurrent.CompletableFuture.thenApply(CompletableFuture.java:2200)
	at devCodes.Zerphyis.ApiMotorsport.Infra.Controllers.ControllerEspecificacaoController.delete(ControllerEspecificacaoController.java:46)
	at devCodes.Zerphyis.ApiMotorsport.Infra.Controllers.ControllerEspecificacaoControllerTest.deleteSad(ControllerEspecificacaoControllerTest.java:103)
	... 3 more
Caused by: devCodes.Zerphyis.ApiMotorsport.Infra.Exceptions.EntityNotFoundException: Não encontrada
	at devCodes.Zerphyis.ApiMotorsport.Infra.Controllers.ControllerEspecificacaoControllerTest.deleteSad(ControllerEspecificacaoControllerTest.java:99)
	... 3 more

devCodes.Zerphyis.ApiMotorsport.Infra.Controllers.ControllerEspecificacaoControllerTest.createSad -- Time elapsed: 0.008 s <<< FAILURE!
org.opentest4j.AssertionFailedError: Unexpected exception type thrown, expected: <devCodes.Zerphyis.ApiMotorsport.Infra.Exceptions.NotFoundException> but was: <java.util.concurrent.CompletionException>
	at org.junit.jupiter.api.AssertionFailureBuilder.build(AssertionFailureBuilder.java:151)
	at org.junit.jupiter.api.AssertThrows.assertThrows(AssertThrows.java:67)
	at org.junit.jupiter.api.AssertThrows.assertThrows(AssertThrows.java:35)
	at org.junit.jupiter.api.Assertions.assertThrows(Assertions.java:3115)
	at devCodes.Zerphyis.ApiMotorsport.Infra.Controllers.ControllerEspecificacaoControllerTest.createSad(ControllerEspecificacaoControllerTest.java:64)
	at java.base/java.lang.reflect.Method.invoke(Method.java:580)
	at java.base/java.util.ArrayList.forEach(ArrayList.java:1596)
	at java.base/java.util.ArrayList.forEach(ArrayList.java:1596)
Caused by: java.util.concurrent.CompletionException: devCodes.Zerphyis.ApiMotorsport.Infra.Exceptions.NotFoundException: Erro ao criar especificação
	at java.base/java.util.concurrent.CompletableFuture.encodeThrowable(CompletableFuture.java:332)
	at java.base/java.util.concurrent.CompletableFuture.uniApplyNow(CompletableFuture.java:674)
	at java.base/java.util.concurrent.CompletableFuture.uniApplyStage(CompletableFuture.java:662)
	at java.base/java.util.concurrent.CompletableFuture.thenApply(CompletableFuture.java:2200)
	at devCodes.Zerphyis.ApiMotorsport.Infra.Controllers.ControllerEspecificacaoController.create(ControllerEspecificacaoController.java:26)
	at devCodes.Zerphyis.ApiMotorsport.Infra.Controllers.ControllerEspecificacaoControllerTest.createSad(ControllerEspecificacaoControllerTest.java:62)
	... 3 more
Caused by: devCodes.Zerphyis.ApiMotorsport.Infra.Exceptions.NotFoundException: Erro ao criar especificação
	at devCodes.Zerphyis.ApiMotorsport.Infra.Controllers.ControllerEspecificacaoControllerTest.createSad(ControllerEspecificacaoControllerTest.java:58)
	... 3 more

devCodes.Zerphyis.ApiMotorsport.Infra.Controllers.ControllerEspecificacaoControllerTest.findByIdSad -- Time elapsed: 0.008 s <<< FAILURE!
org.opentest4j.AssertionFailedError: Unexpected exception type thrown, expected: <devCodes.Zerphyis.ApiMotorsport.Infra.Exceptions.EntityNotFoundException> but was: <java.util.concurrent.CompletionException>
	at org.junit.jupiter.api.AssertionFailureBuilder.build(AssertionFailureBuilder.java:151)
	at org.junit.jupiter.api.AssertThrows.assertThrows(AssertThrows.java:67)
	at org.junit.jupiter.api.AssertThrows.assertThrows(AssertThrows.java:35)
	at org.junit.jupiter.api.Assertions.assertThrows(Assertions.java:3115)
	at devCodes.Zerphyis.ApiMotorsport.Infra.Controllers.ControllerEspecificacaoControllerTest.findByIdSad(ControllerEspecificacaoControllerTest.java:126)
	at java.base/java.lang.reflect.Method.invoke(Method.java:580)
	at java.base/java.util.ArrayList.forEach(ArrayList.java:1596)
	at java.base/java.util.ArrayList.forEach(ArrayList.java:1596)
Caused by: java.util.concurrent.CompletionException: devCodes.Zerphyis.ApiMotorsport.Infra.Exceptions.EntityNotFoundException: Especificação não encontrada
	at java.base/java.util.concurrent.CompletableFuture.encodeThrowable(CompletableFuture.java:332)
	at java.base/java.util.concurrent.CompletableFuture.uniApplyNow(CompletableFuture.java:674)
	at java.base/java.util.concurrent.CompletableFuture.uniApplyStage(CompletableFuture.java:662)
	at java.base/java.util.concurrent.CompletableFuture.thenApply(CompletableFuture.java:2200)
	at devCodes.Zerphyis.ApiMotorsport.Infra.Controllers.ControllerEspecificacaoController.findById(ControllerEspecificacaoController.java:40)
	at devCodes.Zerphyis.ApiMotorsport.Infra.Controllers.ControllerEspecificacaoControllerTest.findByIdSad(ControllerEspecificacaoControllerTest.java:124)
	... 3 more
Caused by: devCodes.Zerphyis.ApiMotorsport.Infra.Exceptions.EntityNotFoundException: Especificação não encontrada
	at devCodes.Zerphyis.ApiMotorsport.Infra.Controllers.ControllerEspecificacaoControllerTest.findByIdSad(ControllerEspecificacaoControllerTest.java:120)
	... 3 more

