-------------------------------------------------------------------------------
Test set: devCodes.Zerphyis.ApiMotorsport.Infra.Controllers.ControllerCarroTest
-------------------------------------------------------------------------------
Tests run: 9, Failures: 4, Errors: 0, Skipped: 0, Time elapsed: 0.267 s <<< FAILURE! -- in devCodes.Zerphyis.ApiMotorsport.Infra.Controllers.ControllerCarroTest
devCodes.Zerphyis.ApiMotorsport.Infra.Controllers.ControllerCarroTest.updateSad -- Time elapsed: 0.160 s <<< FAILURE!
org.opentest4j.AssertionFailedError: Unexpected exception type thrown, expected: <devCodes.Zerphyis.ApiMotorsport.Infra.Exceptions.EntityNotFoundException> but was: <java.util.concurrent.CompletionException>
	at org.junit.jupiter.api.AssertionFailureBuilder.build(AssertionFailureBuilder.java:151)
	at org.junit.jupiter.api.AssertThrows.assertThrows(AssertThrows.java:67)
	at org.junit.jupiter.api.AssertThrows.assertThrows(AssertThrows.java:35)
	at org.junit.jupiter.api.Assertions.assertThrows(Assertions.java:3115)
	at devCodes.Zerphyis.ApiMotorsport.Infra.Controllers.ControllerCarroTest.updateSad(ControllerCarroTest.java:126)
	at java.base/java.lang.reflect.Method.invoke(Method.java:580)
	at java.base/java.util.ArrayList.forEach(ArrayList.java:1596)
	at java.base/java.util.ArrayList.forEach(ArrayList.java:1596)
Caused by: java.util.concurrent.CompletionException: devCodes.Zerphyis.ApiMotorsport.Infra.Exceptions.EntityNotFoundException: Carro não encontrado
	at java.base/java.util.concurrent.CompletableFuture.encodeThrowable(CompletableFuture.java:332)
	at java.base/java.util.concurrent.CompletableFuture.uniApplyNow(CompletableFuture.java:674)
	at java.base/java.util.concurrent.CompletableFuture.uniApplyStage(CompletableFuture.java:662)
	at java.base/java.util.concurrent.CompletableFuture.thenApply(CompletableFuture.java:2200)
	at devCodes.Zerphyis.ApiMotorsport.Infra.Controllers.ControllerCarro.update(ControllerCarro.java:43)
	at devCodes.Zerphyis.ApiMotorsport.Infra.Controllers.ControllerCarroTest.updateSad(ControllerCarroTest.java:124)
	... 3 more
Caused by: devCodes.Zerphyis.ApiMotorsport.Infra.Exceptions.EntityNotFoundException: Carro não encontrado
	at devCodes.Zerphyis.ApiMotorsport.Infra.Controllers.ControllerCarroTest.updateSad(ControllerCarroTest.java:120)
	... 3 more

devCodes.Zerphyis.ApiMotorsport.Infra.Controllers.ControllerCarroTest.deleteSad -- Time elapsed: 0.006 s <<< FAILURE!
org.opentest4j.AssertionFailedError: Unexpected exception type thrown, expected: <devCodes.Zerphyis.ApiMotorsport.Infra.Exceptions.NotFoundException> but was: <java.util.concurrent.CompletionException>
	at org.junit.jupiter.api.AssertionFailureBuilder.build(AssertionFailureBuilder.java:151)
	at org.junit.jupiter.api.AssertThrows.assertThrows(AssertThrows.java:67)
	at org.junit.jupiter.api.AssertThrows.assertThrows(AssertThrows.java:35)
	at org.junit.jupiter.api.Assertions.assertThrows(Assertions.java:3115)
	at devCodes.Zerphyis.ApiMotorsport.Infra.Controllers.ControllerCarroTest.deleteSad(ControllerCarroTest.java:148)
	at java.base/java.lang.reflect.Method.invoke(Method.java:580)
	at java.base/java.util.ArrayList.forEach(ArrayList.java:1596)
	at java.base/java.util.ArrayList.forEach(ArrayList.java:1596)
Caused by: java.util.concurrent.CompletionException: devCodes.Zerphyis.ApiMotorsport.Infra.Exceptions.NotFoundException: Carro não encontrado
	at java.base/java.util.concurrent.CompletableFuture.encodeThrowable(CompletableFuture.java:332)
	at java.base/java.util.concurrent.CompletableFuture.uniApplyNow(CompletableFuture.java:674)
	at java.base/java.util.concurrent.CompletableFuture.uniApplyStage(CompletableFuture.java:662)
	at java.base/java.util.concurrent.CompletableFuture.thenApply(CompletableFuture.java:2200)
	at devCodes.Zerphyis.ApiMotorsport.Infra.Controllers.ControllerCarro.delete(ControllerCarro.java:49)
	at devCodes.Zerphyis.ApiMotorsport.Infra.Controllers.ControllerCarroTest.deleteSad(ControllerCarroTest.java:146)
	... 3 more
Caused by: devCodes.Zerphyis.ApiMotorsport.Infra.Exceptions.NotFoundException: Carro não encontrado
	at devCodes.Zerphyis.ApiMotorsport.Infra.Controllers.ControllerCarroTest.deleteSad(ControllerCarroTest.java:142)
	... 3 more

devCodes.Zerphyis.ApiMotorsport.Infra.Controllers.ControllerCarroTest.createSad -- Time elapsed: 0.008 s <<< FAILURE!
org.opentest4j.AssertionFailedError: Unexpected exception type thrown, expected: <devCodes.Zerphyis.ApiMotorsport.Infra.Exceptions.NotFoundException> but was: <java.util.concurrent.CompletionException>
	at org.junit.jupiter.api.AssertionFailureBuilder.build(AssertionFailureBuilder.java:151)
	at org.junit.jupiter.api.AssertThrows.assertThrows(AssertThrows.java:67)
	at org.junit.jupiter.api.AssertThrows.assertThrows(AssertThrows.java:35)
	at org.junit.jupiter.api.Assertions.assertThrows(Assertions.java:3115)
	at devCodes.Zerphyis.ApiMotorsport.Infra.Controllers.ControllerCarroTest.createSad(ControllerCarroTest.java:104)
	at java.base/java.lang.reflect.Method.invoke(Method.java:580)
	at java.base/java.util.ArrayList.forEach(ArrayList.java:1596)
	at java.base/java.util.ArrayList.forEach(ArrayList.java:1596)
Caused by: java.util.concurrent.CompletionException: devCodes.Zerphyis.ApiMotorsport.Infra.Exceptions.NotFoundException: Erro ao salvar carro
	at java.base/java.util.concurrent.CompletableFuture.encodeThrowable(CompletableFuture.java:332)
	at java.base/java.util.concurrent.CompletableFuture.uniApplyNow(CompletableFuture.java:674)
	at java.base/java.util.concurrent.CompletableFuture.uniApplyStage(CompletableFuture.java:662)
	at java.base/java.util.concurrent.CompletableFuture.thenApply(CompletableFuture.java:2200)
	at devCodes.Zerphyis.ApiMotorsport.Infra.Controllers.ControllerCarro.create(ControllerCarro.java:36)
	at devCodes.Zerphyis.ApiMotorsport.Infra.Controllers.ControllerCarroTest.createSad(ControllerCarroTest.java:102)
	... 3 more
Caused by: devCodes.Zerphyis.ApiMotorsport.Infra.Exceptions.NotFoundException: Erro ao salvar carro
	at devCodes.Zerphyis.ApiMotorsport.Infra.Controllers.ControllerCarroTest.createSad(ControllerCarroTest.java:98)
	... 3 more

devCodes.Zerphyis.ApiMotorsport.Infra.Controllers.ControllerCarroTest.findByIdNotFound -- Time elapsed: 0.017 s <<< FAILURE!
org.opentest4j.AssertionFailedError: Unexpected exception type thrown, expected: <devCodes.Zerphyis.ApiMotorsport.Infra.Exceptions.EntityNotFoundException> but was: <java.util.concurrent.CompletionException>
	at org.junit.jupiter.api.AssertionFailureBuilder.build(AssertionFailureBuilder.java:151)
	at org.junit.jupiter.api.AssertThrows.assertThrows(AssertThrows.java:67)
	at org.junit.jupiter.api.AssertThrows.assertThrows(AssertThrows.java:35)
	at org.junit.jupiter.api.Assertions.assertThrows(Assertions.java:3115)
	at devCodes.Zerphyis.ApiMotorsport.Infra.Controllers.ControllerCarroTest.findByIdNotFound(ControllerCarroTest.java:81)
	at java.base/java.lang.reflect.Method.invoke(Method.java:580)
	at java.base/java.util.ArrayList.forEach(ArrayList.java:1596)
	at java.base/java.util.ArrayList.forEach(ArrayList.java:1596)
Caused by: java.util.concurrent.CompletionException: devCodes.Zerphyis.ApiMotorsport.Infra.Exceptions.EntityNotFoundException: Carro não encontrado
	at java.base/java.util.concurrent.CompletableFuture.encodeThrowable(CompletableFuture.java:332)
	at java.base/java.util.concurrent.CompletableFuture.uniApplyNow(CompletableFuture.java:674)
	at java.base/java.util.concurrent.CompletableFuture.uniApplyStage(CompletableFuture.java:662)
	at java.base/java.util.concurrent.CompletableFuture.thenApply(CompletableFuture.java:2200)
	at devCodes.Zerphyis.ApiMotorsport.Infra.Controllers.ControllerCarro.findById(ControllerCarro.java:30)
	at devCodes.Zerphyis.ApiMotorsport.Infra.Controllers.ControllerCarroTest.findByIdNotFound(ControllerCarroTest.java:79)
	... 3 more
Caused by: devCodes.Zerphyis.ApiMotorsport.Infra.Exceptions.EntityNotFoundException: Carro não encontrado
	at devCodes.Zerphyis.ApiMotorsport.Infra.Controllers.ControllerCarroTest.findByIdNotFound(ControllerCarroTest.java:75)
	... 3 more

