<?xml version="1.0" encoding="UTF-8"?>
<testsuite xmlns:xsi="http://www.w3.org/2001/XMLSchema-instance" xsi:noNamespaceSchemaLocation="https://maven.apache.org/surefire/maven-surefire-plugin/xsd/surefire-test-report-3.0.xsd" version="3.0" name="devCodes.Zerphyis.ApiMotorsport.Infra.Controllers.ControllerConteudoTest" time="0.172" tests="8" errors="0" skipped="0" failures="4">
  <properties>
[...]
</properties>
  <testcase name="updateSad" classname="devCodes.Zerphyis.ApiMotorsport.Infra.Controllers.ControllerConteudoTest" time="0.123">
    <failure message="Unexpected exception type thrown, expected: &lt;devCodes.Zerphyis.ApiMotorsport.Infra.Exceptions.EntityNotFoundException&gt; but was: &lt;java.util.concurrent.CompletionException&gt;" type="org.opentest4j.AssertionFailedError"><![CDATA[org.opentest4j.AssertionFailedError: Unexpected exception type thrown, expected: <devCodes.Zerphyis.ApiMotorsport.Infra.Exceptions.EntityNotFoundException> but was: <java.util.concurrent.CompletionException>
	at org.junit.jupiter.api.AssertionFailureBuilder.build(AssertionFailureBuilder.java:151)
	at org.junit.jupiter.api.AssertThrows.assertThrows(AssertThrows.java:67)
	at org.junit.jupiter.api.AssertThrows.assertThrows(AssertThrows.java:35)
	at org.junit.jupiter.api.Assertions.assertThrows(Assertions.java:3115)
	at devCodes.Zerphyis.ApiMotorsport.Infra.Controllers.ControllerConteudoTest.updateSad(ControllerConteudoTest.java:101)
	at java.base/java.lang.reflect.Method.invoke(Method.java:580)
	at java.base/java.util.ArrayList.forEach(ArrayList.java:1596)
	at java.base/java.util.ArrayList.forEach(ArrayList.java:1596)
Caused by: java.util.concurrent.CompletionException: devCodes.Zerphyis.ApiMotorsport.Infra.Exceptions.EntityNotFoundException: Conteúdo não encontrado
	at java.base/java.util.concurrent.CompletableFuture.encodeThrowable(CompletableFuture.java:332)
	at java.base/java.util.concurrent.CompletableFuture.uniApplyNow(CompletableFuture.java:674)
	at java.base/java.util.concurrent.CompletableFuture.uniApplyStage(CompletableFuture.java:662)
	at java.base/java.util.concurrent.CompletableFuture.thenApply(CompletableFuture.java:2200)
	at devCodes.Zerphyis.ApiMotorsport.Infra.Controllers.ControllerConteudo.update(ControllerConteudo.java:37)
	at devCodes.Zerphyis.ApiMotorsport.Infra.Controllers.ControllerConteudoTest.updateSad(ControllerConteudoTest.java:99)
	... 3 more
Caused by: devCodes.Zerphyis.ApiMotorsport.Infra.Exceptions.EntityNotFoundException: Conteúdo não encontrado
	at devCodes.Zerphyis.ApiMotorsport.Infra.Controllers.ControllerConteudoTest.updateSad(ControllerConteudoTest.java:95)
	... 3 more
]]></failure>
  </testcase>
  <testcase name="findByIdHappy" classname="devCodes.Zerphyis.ApiMotorsport.Infra.Controllers.ControllerConteudoTest" time="0.005"/>
  <testcase name="deleteHappy" classname="devCodes.Zerphyis.ApiMotorsport.Infra.Controllers.ControllerConteudoTest" time="0.004"/>
  <testcase name="updateHappy" classname="devCodes.Zerphyis.ApiMotorsport.Infra.Controllers.ControllerConteudoTest" time="0.004"/>
  <testcase name="createHappy" classname="devCodes.Zerphyis.ApiMotorsport.Infra.Controllers.ControllerConteudoTest" time="0.004"/>
  <testcase name="deleteSad" classname="devCodes.Zerphyis.ApiMotorsport.Infra.Controllers.ControllerConteudoTest" time="0.007">
    <failure message="Unexpected exception type thrown, expected: &lt;devCodes.Zerphyis.ApiMotorsport.Infra.Exceptions.EntityNotFoundException&gt; but was: &lt;java.util.concurrent.CompletionException&gt;" type="org.opentest4j.AssertionFailedError"><![CDATA[org.opentest4j.AssertionFailedError: Unexpected exception type thrown, expected: <devCodes.Zerphyis.ApiMotorsport.Infra.Exceptions.EntityNotFoundException> but was: <java.util.concurrent.CompletionException>
	at org.junit.jupiter.api.AssertionFailureBuilder.build(AssertionFailureBuilder.java:151)
	at org.junit.jupiter.api.AssertThrows.assertThrows(AssertThrows.java:67)
	at org.junit.jupiter.api.AssertThrows.assertThrows(AssertThrows.java:35)
	at org.junit.jupiter.api.Assertions.assertThrows(Assertions.java:3115)
	at devCodes.Zerphyis.ApiMotorsport.Infra.Controllers.ControllerConteudoTest.deleteSad(ControllerConteudoTest.java:123)
	at java.base/java.lang.reflect.Method.invoke(Method.java:580)
	at java.base/java.util.ArrayList.forEach(ArrayList.java:1596)
	at java.base/java.util.ArrayList.forEach(ArrayList.java:1596)
Caused by: java.util.concurrent.CompletionException: devCodes.Zerphyis.ApiMotorsport.Infra.Exceptions.EntityNotFoundException: Conteúdo não encontrado
	at java.base/java.util.concurrent.CompletableFuture.encodeThrowable(CompletableFuture.java:332)
	at java.base/java.util.concurrent.CompletableFuture.uniApplyNow(CompletableFuture.java:674)
	at java.base/java.util.concurrent.CompletableFuture.uniApplyStage(CompletableFuture.java:662)
	at java.base/java.util.concurrent.CompletableFuture.thenApply(CompletableFuture.java:2200)
	at devCodes.Zerphyis.ApiMotorsport.Infra.Controllers.ControllerConteudo.delete(ControllerConteudo.java:43)
	at devCodes.Zerphyis.ApiMotorsport.Infra.Controllers.ControllerConteudoTest.deleteSad(ControllerConteudoTest.java:121)
	... 3 more
Caused by: devCodes.Zerphyis.ApiMotorsport.Infra.Exceptions.EntityNotFoundException: Conteúdo não encontrado
	at devCodes.Zerphyis.ApiMotorsport.Infra.Controllers.ControllerConteudoTest.deleteSad(ControllerConteudoTest.java:117)
	... 3 more
]]></failure>
  </testcase>
  <testcase name="createSad" classname="devCodes.Zerphyis.ApiMotorsport.Infra.Controllers.ControllerConteudoTest" time="0.006">
    <failure message="Unexpected exception type thrown, expected: &lt;devCodes.Zerphyis.ApiMotorsport.Infra.Exceptions.NotFoundException&gt; but was: &lt;java.util.concurrent.CompletionException&gt;" type="org.opentest4j.AssertionFailedError"><![CDATA[org.opentest4j.AssertionFailedError: Unexpected exception type thrown, expected: <devCodes.Zerphyis.ApiMotorsport.Infra.Exceptions.NotFoundException> but was: <java.util.concurrent.CompletionException>
	at org.junit.jupiter.api.AssertionFailureBuilder.build(AssertionFailureBuilder.java:151)
	at org.junit.jupiter.api.AssertThrows.assertThrows(AssertThrows.java:67)
	at org.junit.jupiter.api.AssertThrows.assertThrows(AssertThrows.java:35)
	at org.junit.jupiter.api.Assertions.assertThrows(Assertions.java:3115)
	at devCodes.Zerphyis.ApiMotorsport.Infra.Controllers.ControllerConteudoTest.createSad(ControllerConteudoTest.java:79)
	at java.base/java.lang.reflect.Method.invoke(Method.java:580)
	at java.base/java.util.ArrayList.forEach(ArrayList.java:1596)
	at java.base/java.util.ArrayList.forEach(ArrayList.java:1596)
Caused by: java.util.concurrent.CompletionException: devCodes.Zerphyis.ApiMotorsport.Infra.Exceptions.NotFoundException: Erro ao criar Conteúdo
	at java.base/java.util.concurrent.CompletableFuture.encodeThrowable(CompletableFuture.java:332)
	at java.base/java.util.concurrent.CompletableFuture.uniApplyNow(CompletableFuture.java:674)
	at java.base/java.util.concurrent.CompletableFuture.uniApplyStage(CompletableFuture.java:662)
	at java.base/java.util.concurrent.CompletableFuture.thenApply(CompletableFuture.java:2200)
	at devCodes.Zerphyis.ApiMotorsport.Infra.Controllers.ControllerConteudo.create(ControllerConteudo.java:30)
	at devCodes.Zerphyis.ApiMotorsport.Infra.Controllers.ControllerConteudoTest.createSad(ControllerConteudoTest.java:77)
	... 3 more
Caused by: devCodes.Zerphyis.ApiMotorsport.Infra.Exceptions.NotFoundException: Erro ao criar Conteúdo
	at devCodes.Zerphyis.ApiMotorsport.Infra.Controllers.ControllerConteudoTest.createSad(ControllerConteudoTest.java:73)
	... 3 more
]]></failure>
  </testcase>
  <testcase name="findByIdSad" classname="devCodes.Zerphyis.ApiMotorsport.Infra.Controllers.ControllerConteudoTest" time="0.005">
    <failure message="Unexpected exception type thrown, expected: &lt;devCodes.Zerphyis.ApiMotorsport.Infra.Exceptions.EntityNotFoundException&gt; but was: &lt;java.util.concurrent.CompletionException&gt;" type="org.opentest4j.AssertionFailedError"><![CDATA[org.opentest4j.AssertionFailedError: Unexpected exception type thrown, expected: <devCodes.Zerphyis.ApiMotorsport.Infra.Exceptions.EntityNotFoundException> but was: <java.util.concurrent.CompletionException>
	at org.junit.jupiter.api.AssertionFailureBuilder.build(AssertionFailureBuilder.java:151)
	at org.junit.jupiter.api.AssertThrows.assertThrows(AssertThrows.java:67)
	at org.junit.jupiter.api.AssertThrows.assertThrows(AssertThrows.java:35)
	at org.junit.jupiter.api.Assertions.assertThrows(Assertions.java:3115)
	at devCodes.Zerphyis.ApiMotorsport.Infra.Controllers.ControllerConteudoTest.findByIdSad(ControllerConteudoTest.java:56)
	at java.base/java.lang.reflect.Method.invoke(Method.java:580)
	at java.base/java.util.ArrayList.forEach(ArrayList.java:1596)
	at java.base/java.util.ArrayList.forEach(ArrayList.java:1596)
Caused by: java.util.concurrent.CompletionException: devCodes.Zerphyis.ApiMotorsport.Infra.Exceptions.EntityNotFoundException: Conteúdo não encontrado
	at java.base/java.util.concurrent.CompletableFuture.encodeThrowable(CompletableFuture.java:332)
	at java.base/java.util.concurrent.CompletableFuture.uniApplyNow(CompletableFuture.java:674)
	at java.base/java.util.concurrent.CompletableFuture.uniApplyStage(CompletableFuture.java:662)
	at java.base/java.util.concurrent.CompletableFuture.thenApply(CompletableFuture.java:2200)
	at devCodes.Zerphyis.ApiMotorsport.Infra.Controllers.ControllerConteudo.findById(ControllerConteudo.java:24)
	at devCodes.Zerphyis.ApiMotorsport.Infra.Controllers.ControllerConteudoTest.findByIdSad(ControllerConteudoTest.java:54)
	... 3 more
Caused by: devCodes.Zerphyis.ApiMotorsport.Infra.Exceptions.EntityNotFoundException: Conteúdo não encontrado
	at devCodes.Zerphyis.ApiMotorsport.Infra.Controllers.ControllerConteudoTest.findByIdSad(ControllerConteudoTest.java:50)
	... 3 more
]]></failure>
  </testcase>
</testsuite>